(0000) 3000  0011000000000000 (   1)                 .ORIG x3000
(3000) 2053  0010000001010011 (   2)                 LD    R0 TOTALA
(3001) 2453  0010010001010011 (   3)                 LD    R2 CPOSA
(3002) 6000  0110000000000000 (   4)                 LDR   R0 R0 #0
(3003) 3056  0011000001010110 (   5)                 ST    R0 TOTAL
(3004) 3456  0011010001010110 (   6)                 ST    R2 CPOS
(3005) 5020  0101000000100000 (   7)                 AND   R0 R0 #0
(3006) 304F  0011000001001111 (   8)                 ST    R0 MOVES
(3007) 2252  0010001001010010 (   9)                 LD    R1 TOTAL
(3008) 927F  1001001001111111 (  10)                 NOT   R1 R1
(3009) 1261  0001001001100001 (  11)                 ADD   R1 R1 #1
(300A) 1001  0001000000000001 (  12)                 ADD   R0 R0 R1
(300B) 042B  0000010000101011 (  13) NEXTWORD        BRZ   DONE
(300C) 244E  0010010001001110 (  14)                 LD    R2 CPOS
(300D) 482A  0100100000101010 (  15)                 JSR   WCOUNT
(300E) 304A  0011000001001010 (  16)                 ST    R0 LEN
(300F) 244B  0010010001001011 (  17)                 LD    R2 CPOS
(3010) 6A80  0110101010000000 (  18)                 LDR   R5 R2 #0
(3011) 041B  0000010000011011 (  19) LOOP            BRZ   FINITO
(3012) 2246  0010001001000110 (  20)                 LD    R1 LEN
(3013) 1160  0001000101100000 (  21)                 ADD   R0 R5 #0
(3014) 482B  0100100000101011 (  22)                 JSR   XOR
(3015) 2243  0010001001000011 (  23)                 LD    R1 LEN
(3016) 2C40  0010110001000000 (  24)                 LD    R6 SF
(3017) 9DBF  1001110110111111 (  25)                 NOT   R6 R6
(3018) 1DA1  0001110110100001 (  26)                 ADD   R6 R6 #1
(3019) 16C6  0001011011000110 (  27)                 ADD   R3 R3 R6
(301A) 2C3D  0010110000111101 (  28)                 LD    R6 TS
(301B) 927F  1001001001111111 (  29)                 NOT   R1 R1
(301C) 1261  0001001001100001 (  30)                 ADD   R1 R1 #1
(301D) 16C6  0001011011000110 (  31)                 ADD   R3 R3 R6
(301E) 16C1  0001011011000001 (  32)                 ADD   R3 R3 R1
(301F) 10E0  0001000011100000 (  33)                 ADD   R0 R3 #0
(3020) 13A0  0001001110100000 (  34)                 ADD   R1 R6 #0
(3021) 4829  0100100000101001 (  35)                 JSR   MOD
(3022) 2C34  0010110000110100 (  36)                 LD    R6 SF
(3023) 1006  0001000000000110 (  37)                 ADD   R0 R0 R6
(3024) 2436  0010010000110110 (  38)                 LD    R2 CPOS
(3025) 7080  0111000010000000 (  39)                 STR   R0 R2 #0
(3026) 14A1  0001010010100001 (  40)                 ADD   R2 R2 #1
(3027) 3433  0011010000110011 (  41)                 ST    R2 CPOS
(3028) 2C2D  0010110000101101 (  42)                 LD    R6 MOVES
(3029) 1DA1  0001110110100001 (  43)                 ADD   R6 R6 #1
(302A) 3C2B  0011110000101011 (  44)                 ST    R6 MOVES
(302B) 6A80  0110101010000000 (  45)                 LDR   R5 R2 #0
(302C) 0FE4  0000111111100100 (  46)                 BRNZP LOOP
(302D) 14A1  0001010010100001 (  47) FINITO          ADD   R2 R2 #1
(302E) 342C  0011010000101100 (  48)                 ST    R2 CPOS
(302F) 2C26  0010110000100110 (  49)                 LD    R6 MOVES
(3030) 1DA1  0001110110100001 (  50)                 ADD   R6 R6 #1
(3031) 3C24  0011110000100100 (  51)                 ST    R6 MOVES
(3032) 2227  0010001000100111 (  52)                 LD    R1 TOTAL
(3033) 927F  1001001001111111 (  53)                 NOT   R1 R1
(3034) 1261  0001001001100001 (  54)                 ADD   R1 R1 #1
(3035) 1D81  0001110110000001 (  55)                 ADD   R6 R6 R1
(3036) 0FD4  0000111111010100 (  56)                 BRNZP NEXTWORD
(3037) F025  1111000000100101 (  58) DONE            TRAP  x25
(3038) 5020  0101000000100000 (  60) WCOUNT          AND   R0 R0 #0
(3039) 6280  0110001010000000 (  61)                 LDR   R1 R2 #0
(303A) 0404  0000010000000100 (  62) LOOPA           BRZ   FINISH
(303B) 1021  0001000000100001 (  63)                 ADD   R0 R0 #1
(303C) 14A1  0001010010100001 (  64)                 ADD   R2 R2 #1
(303D) 6280  0110001010000000 (  65)                 LDR   R1 R2 #0
(303E) 0FFB  0000111111111011 (  66)                 BRNZP LOOPA
(303F) C1C0  1100000111000000 (  67) FINISH          RET   
(3040) 1420  0001010000100000 (  69) XOR             ADD   R2 R0 #0
(3041) 1860  0001100001100000 (  70)                 ADD   R4 R1 #0
(3042) 94BF  1001010010111111 (  71)                 NOT   R2 R2
(3043) 993F  1001100100111111 (  72)                 NOT   R4 R4
(3044) 5004  0101000000000100 (  73)                 AND   R0 R0 R4
(3045) 5242  0101001001000010 (  74)                 AND   R1 R1 R2
(3046) 903F  1001000000111111 (  75)                 NOT   R0 R0
(3047) 927F  1001001001111111 (  76)                 NOT   R1 R1
(3048) 5601  0101011000000001 (  77)                 AND   R3 R0 R1
(3049) 96FF  1001011011111111 (  78)                 NOT   R3 R3
(304A) C1C0  1100000111000000 (  79)                 RET   
(304B) 1660  0001011001100000 (  81) MOD             ADD   R3 R1 #0
(304C) 927F  1001001001111111 (  82)                 NOT   R1 R1
(304D) 1261  0001001001100001 (  83)                 ADD   R1 R1 #1
(304E) 1001  0001000000000001 (  84)                 ADD   R0 R0 R1
(304F) 0802  0000100000000010 (  85) LOOPB           BRN   EXIT
(3050) 1001  0001000000000001 (  86)                 ADD   R0 R0 R1
(3051) 0FFD  0000111111111101 (  87)                 BRNZP LOOPB
(3052) 1003  0001000000000011 (  88) EXIT            ADD   R0 R0 R3
(3053) C1C0  1100000111000000 (  89)                 RET   
(3054) 5000  0101000000000000 (  91) TOTALA          .FILL x5000
(3055) 5001  0101000000000001 (  92) CPOSA           .FILL x5001
(3056) 0000  0000000000000000 (  94) MOVES           .FILL x0000
(3057) 0041  0000000001000001 (  94) SF              .FILL x0041
(3058) 001A  0000000000011010 (  95) TS              .FILL x001A
(3059) 0000  0000000000000000 (  97) LEN             .FILL x0000
(305A) 0000  0000000000000000 (  98) TOTAL           .FILL x0000
(305B) 0000  0000000000000000 ( 100) CPOS            .FILL x0000
